<?xml version="1.0" encoding="UTF-8"?>
<!-- Generated by org.testng.reporters.JUnitReportReporter -->
<testsuite hostname="COK-M-00031.local" failures="0" tests="3" name="com.tatcha.TatchaSelWeb.testcases.LoginTest" time="41.404" errors="0" timestamp="2021-05-26T15:01:25 IST" skipped="0">
  <testcase classname="com.tatcha.TatchaSelWeb.testcases.LoginTest" name="emptyPasswrd" time="13.931"/>
  <system-out/>
  <testcase classname="com.tatcha.TatchaSelWeb.testcases.LoginTest" name="invalPasswrd" time="10.011"/>
  <system-out/>
  <testcase classname="com.tatcha.TatchaSelWeb.testcases.LoginTest" name="login" time="17.462"/>
  <system-out/>
</testsuite> <!-- com.tatcha.TatchaSelWeb.testcases.LoginTest -->
