<?xml version="1.0" encoding="UTF-8"?>
<!-- Generated by org.testng.reporters.JUnitReportReporter -->
<testsuite hostname="COK-M-00031.local" failures="0" tests="1" name="com.tatcha.TatchaSelWeb.testcases.GuestCheckoutInternationalAddressRegisterTest" time="61.079" errors="0" timestamp="2021-05-26T15:01:25 IST" skipped="0">
  <testcase classname="com.tatcha.TatchaSelWeb.testcases.GuestCheckoutInternationalAddressRegisterTest" name="indianAddress" time="61.079"/>
  <system-out/>
</testsuite> <!-- com.tatcha.TatchaSelWeb.testcases.GuestCheckoutInternationalAddressRegisterTest -->
