<?xml version="1.0" encoding="UTF-8"?>
<!-- Generated by org.testng.reporters.JUnitReportReporter -->
<testsuite hostname="COK-M-00031.local" failures="0" tests="1" name="com.tatcha.TatchaSelWeb.testcases.LoginExpressCheckoutDefaultAddressTest" time="47.830" errors="0" timestamp="2021-05-26T15:01:25 IST" skipped="0">
  <testcase classname="com.tatcha.TatchaSelWeb.testcases.LoginExpressCheckoutDefaultAddressTest" name="loginExprsChekout" time="47.830"/>
  <system-out/>
</testsuite> <!-- com.tatcha.TatchaSelWeb.testcases.LoginExpressCheckoutDefaultAddressTest -->
