<?xml version="1.0" encoding="UTF-8"?>
<!-- Generated by org.testng.reporters.JUnitReportReporter -->
<testsuite hostname="COK-M-00031.local" failures="0" tests="3" name="com.tatcha.TatchaSelWeb.testcases.CreatAnAccountTest" time="69.292" errors="0" timestamp="2021-05-26T15:01:25 IST" skipped="0">
  <testcase classname="com.tatcha.TatchaSelWeb.testcases.CreatAnAccountTest" name="createAccount" time="20.891"/>
  <system-out/>
  <testcase classname="com.tatcha.TatchaSelWeb.testcases.CreatAnAccountTest" name="checkAlreadyRegisteredUserError" time="26.600"/>
  <system-out/>
  <testcase classname="com.tatcha.TatchaSelWeb.testcases.CreatAnAccountTest" name="checkPasswordErrors" time="21.801"/>
  <system-out/>
</testsuite> <!-- com.tatcha.TatchaSelWeb.testcases.CreatAnAccountTest -->
